Terminals unused in grammar

   "."
   "!"
   "*"
   "/"
   "+"
   "-"
   ">"
   ">="
   "<"
   "<="
   "=="
   "!="
   "&&"
   "||"
   "="
   ","


State 26 conflicts: 1 shift/reduce


Grammar

    0 $accept: Expressions "end of file"

    1 Expressions: Expression
    2            | Expressions Terminator Expression
    3            | %empty
    4            | Expressions Terminator

    5 BodyExpressions: Expression
    6                | BodyExpressions Terminator Expression
    7                | %empty
    8                | BodyExpressions Terminator

    9 Expression: Literal
   10           | Call
   11           | GetConstant
   12           | SetLocal
   13           | GetLocal
   14           | Function
   15           | Lambda

   16 Literal: INTEGER
   17        | FLOAT
   18        | STRING
   19        | SELF

   20 Call: IDENTIFIER OPEN_PAREN Arguments CLOSE_PAREN
   21     | Expression DOT IDENTIFIER OPEN_PAREN Arguments CLOSE_PAREN

   22 Function: FUNC IDENTIFIER OPEN_PAREN Parameters CLOSE_PAREN Terminator BodyExpressions END

   23 Lambda: LAMBDA DO PIPE Parameters PIPE Terminator BodyExpressions END

   24 Arguments: Expression
   25          | Arguments COMMA Expression
   26          | %empty

   27 Parameters: IDENTIFIER
   28           | Parameters COMMA IDENTIFIER
   29           | %empty

   30 SetLocal: IDENTIFIER ASSIGN Expression

   31 GetLocal: IDENTIFIER

   32 GetConstant: CONSTANT

   33 Terminator: NEWLINE


Terminals, with rules where they appear

"end of file" (0) 0
error (256)
INTEGER (258) 16
FLOAT (259) 17
STRING (260) 18
SELF (261) 19
CONSTANT (262) 32
IDENTIFIER (263) 20 21 22 27 28 30 31
ASSIGN (264) 30
OPEN_PAREN (265) 20 21 22
CLOSE_PAREN (266) 20 21 22
COMMA (267) 25 28
FUNC (268) 22
DO (269) 23
END (270) 22 23
DOT (271) 21
PIPE (272) 23
LAMBDA (273) 23
NEWLINE (274) 33
"." (275)
"!" (276)
"*" (277)
"/" (278)
"+" (279)
"-" (280)
">" (281)
">=" (282)
"<" (283)
"<=" (284)
"==" (285)
"!=" (286)
"&&" (287)
"||" (288)
"=" (289)
"," (290)


Nonterminals, with rules where they appear

$accept (36)
    on left: 0
Expressions (37)
    on left: 1 2 3 4, on right: 0 2 4
BodyExpressions (38)
    on left: 5 6 7 8, on right: 6 8 22 23
Expression (39)
    on left: 9 10 11 12 13 14 15, on right: 1 2 5 6 21 24 25 30
Literal (40)
    on left: 16 17 18 19, on right: 9
Call (41)
    on left: 20 21, on right: 10
Function (42)
    on left: 22, on right: 14
Lambda (43)
    on left: 23, on right: 15
Arguments (44)
    on left: 24 25 26, on right: 20 21 25
Parameters (45)
    on left: 27 28 29, on right: 22 23 28
SetLocal (46)
    on left: 30, on right: 12
GetLocal (47)
    on left: 31, on right: 13
GetConstant (48)
    on left: 32, on right: 11
Terminator (49)
    on left: 33, on right: 2 4 6 8 22 23


State 0

    0 $accept: . Expressions "end of file"

    INTEGER     shift, and go to state 1
    FLOAT       shift, and go to state 2
    STRING      shift, and go to state 3
    SELF        shift, and go to state 4
    CONSTANT    shift, and go to state 5
    IDENTIFIER  shift, and go to state 6
    FUNC        shift, and go to state 7
    LAMBDA      shift, and go to state 8

    $default  reduce using rule 3 (Expressions)

    Expressions  go to state 9
    Expression   go to state 10
    Literal      go to state 11
    Call         go to state 12
    Function     go to state 13
    Lambda       go to state 14
    SetLocal     go to state 15
    GetLocal     go to state 16
    GetConstant  go to state 17


State 1

   16 Literal: INTEGER .

    $default  reduce using rule 16 (Literal)


State 2

   17 Literal: FLOAT .

    $default  reduce using rule 17 (Literal)


State 3

   18 Literal: STRING .

    $default  reduce using rule 18 (Literal)


State 4

   19 Literal: SELF .

    $default  reduce using rule 19 (Literal)


State 5

   32 GetConstant: CONSTANT .

    $default  reduce using rule 32 (GetConstant)


State 6

   20 Call: IDENTIFIER . OPEN_PAREN Arguments CLOSE_PAREN
   30 SetLocal: IDENTIFIER . ASSIGN Expression
   31 GetLocal: IDENTIFIER .

    ASSIGN      shift, and go to state 18
    OPEN_PAREN  shift, and go to state 19

    $default  reduce using rule 31 (GetLocal)


State 7

   22 Function: FUNC . IDENTIFIER OPEN_PAREN Parameters CLOSE_PAREN Terminator BodyExpressions END

    IDENTIFIER  shift, and go to state 20


State 8

   23 Lambda: LAMBDA . DO PIPE Parameters PIPE Terminator BodyExpressions END

    DO  shift, and go to state 21


State 9

    0 $accept: Expressions . "end of file"
    2 Expressions: Expressions . Terminator Expression
    4            | Expressions . Terminator

    "end of file"  shift, and go to state 22
    NEWLINE        shift, and go to state 23

    Terminator  go to state 24


State 10

    1 Expressions: Expression .
   21 Call: Expression . DOT IDENTIFIER OPEN_PAREN Arguments CLOSE_PAREN

    DOT  shift, and go to state 25

    $default  reduce using rule 1 (Expressions)


State 11

    9 Expression: Literal .

    $default  reduce using rule 9 (Expression)


State 12

   10 Expression: Call .

    $default  reduce using rule 10 (Expression)


State 13

   14 Expression: Function .

    $default  reduce using rule 14 (Expression)


State 14

   15 Expression: Lambda .

    $default  reduce using rule 15 (Expression)


State 15

   12 Expression: SetLocal .

    $default  reduce using rule 12 (Expression)


State 16

   13 Expression: GetLocal .

    $default  reduce using rule 13 (Expression)


State 17

   11 Expression: GetConstant .

    $default  reduce using rule 11 (Expression)


State 18

   30 SetLocal: IDENTIFIER ASSIGN . Expression

    INTEGER     shift, and go to state 1
    FLOAT       shift, and go to state 2
    STRING      shift, and go to state 3
    SELF        shift, and go to state 4
    CONSTANT    shift, and go to state 5
    IDENTIFIER  shift, and go to state 6
    FUNC        shift, and go to state 7
    LAMBDA      shift, and go to state 8

    Expression   go to state 26
    Literal      go to state 11
    Call         go to state 12
    Function     go to state 13
    Lambda       go to state 14
    SetLocal     go to state 15
    GetLocal     go to state 16
    GetConstant  go to state 17


State 19

   20 Call: IDENTIFIER OPEN_PAREN . Arguments CLOSE_PAREN

    INTEGER     shift, and go to state 1
    FLOAT       shift, and go to state 2
    STRING      shift, and go to state 3
    SELF        shift, and go to state 4
    CONSTANT    shift, and go to state 5
    IDENTIFIER  shift, and go to state 6
    FUNC        shift, and go to state 7
    LAMBDA      shift, and go to state 8

    $default  reduce using rule 26 (Arguments)

    Expression   go to state 27
    Literal      go to state 11
    Call         go to state 12
    Function     go to state 13
    Lambda       go to state 14
    Arguments    go to state 28
    SetLocal     go to state 15
    GetLocal     go to state 16
    GetConstant  go to state 17


State 20

   22 Function: FUNC IDENTIFIER . OPEN_PAREN Parameters CLOSE_PAREN Terminator BodyExpressions END

    OPEN_PAREN  shift, and go to state 29


State 21

   23 Lambda: LAMBDA DO . PIPE Parameters PIPE Terminator BodyExpressions END

    PIPE  shift, and go to state 30


State 22

    0 $accept: Expressions "end of file" .

    $default  accept


State 23

   33 Terminator: NEWLINE .

    $default  reduce using rule 33 (Terminator)


State 24

    2 Expressions: Expressions Terminator . Expression
    4            | Expressions Terminator .

    INTEGER     shift, and go to state 1
    FLOAT       shift, and go to state 2
    STRING      shift, and go to state 3
    SELF        shift, and go to state 4
    CONSTANT    shift, and go to state 5
    IDENTIFIER  shift, and go to state 6
    FUNC        shift, and go to state 7
    LAMBDA      shift, and go to state 8

    $default  reduce using rule 4 (Expressions)

    Expression   go to state 31
    Literal      go to state 11
    Call         go to state 12
    Function     go to state 13
    Lambda       go to state 14
    SetLocal     go to state 15
    GetLocal     go to state 16
    GetConstant  go to state 17


State 25

   21 Call: Expression DOT . IDENTIFIER OPEN_PAREN Arguments CLOSE_PAREN

    IDENTIFIER  shift, and go to state 32


State 26

   21 Call: Expression . DOT IDENTIFIER OPEN_PAREN Arguments CLOSE_PAREN
   30 SetLocal: IDENTIFIER ASSIGN Expression .

    DOT  shift, and go to state 25

    DOT       [reduce using rule 30 (SetLocal)]
    $default  reduce using rule 30 (SetLocal)


State 27

   21 Call: Expression . DOT IDENTIFIER OPEN_PAREN Arguments CLOSE_PAREN
   24 Arguments: Expression .

    DOT  shift, and go to state 25

    $default  reduce using rule 24 (Arguments)


State 28

   20 Call: IDENTIFIER OPEN_PAREN Arguments . CLOSE_PAREN
   25 Arguments: Arguments . COMMA Expression

    CLOSE_PAREN  shift, and go to state 33
    COMMA        shift, and go to state 34


State 29

   22 Function: FUNC IDENTIFIER OPEN_PAREN . Parameters CLOSE_PAREN Terminator BodyExpressions END

    IDENTIFIER  shift, and go to state 35

    $default  reduce using rule 29 (Parameters)

    Parameters  go to state 36


State 30

   23 Lambda: LAMBDA DO PIPE . Parameters PIPE Terminator BodyExpressions END

    IDENTIFIER  shift, and go to state 35

    $default  reduce using rule 29 (Parameters)

    Parameters  go to state 37


State 31

    2 Expressions: Expressions Terminator Expression .
   21 Call: Expression . DOT IDENTIFIER OPEN_PAREN Arguments CLOSE_PAREN

    DOT  shift, and go to state 25

    $default  reduce using rule 2 (Expressions)


State 32

   21 Call: Expression DOT IDENTIFIER . OPEN_PAREN Arguments CLOSE_PAREN

    OPEN_PAREN  shift, and go to state 38


State 33

   20 Call: IDENTIFIER OPEN_PAREN Arguments CLOSE_PAREN .

    $default  reduce using rule 20 (Call)


State 34

   25 Arguments: Arguments COMMA . Expression

    INTEGER     shift, and go to state 1
    FLOAT       shift, and go to state 2
    STRING      shift, and go to state 3
    SELF        shift, and go to state 4
    CONSTANT    shift, and go to state 5
    IDENTIFIER  shift, and go to state 6
    FUNC        shift, and go to state 7
    LAMBDA      shift, and go to state 8

    Expression   go to state 39
    Literal      go to state 11
    Call         go to state 12
    Function     go to state 13
    Lambda       go to state 14
    SetLocal     go to state 15
    GetLocal     go to state 16
    GetConstant  go to state 17


State 35

   27 Parameters: IDENTIFIER .

    $default  reduce using rule 27 (Parameters)


State 36

   22 Function: FUNC IDENTIFIER OPEN_PAREN Parameters . CLOSE_PAREN Terminator BodyExpressions END
   28 Parameters: Parameters . COMMA IDENTIFIER

    CLOSE_PAREN  shift, and go to state 40
    COMMA        shift, and go to state 41


State 37

   23 Lambda: LAMBDA DO PIPE Parameters . PIPE Terminator BodyExpressions END
   28 Parameters: Parameters . COMMA IDENTIFIER

    COMMA  shift, and go to state 41
    PIPE   shift, and go to state 42


State 38

   21 Call: Expression DOT IDENTIFIER OPEN_PAREN . Arguments CLOSE_PAREN

    INTEGER     shift, and go to state 1
    FLOAT       shift, and go to state 2
    STRING      shift, and go to state 3
    SELF        shift, and go to state 4
    CONSTANT    shift, and go to state 5
    IDENTIFIER  shift, and go to state 6
    FUNC        shift, and go to state 7
    LAMBDA      shift, and go to state 8

    $default  reduce using rule 26 (Arguments)

    Expression   go to state 27
    Literal      go to state 11
    Call         go to state 12
    Function     go to state 13
    Lambda       go to state 14
    Arguments    go to state 43
    SetLocal     go to state 15
    GetLocal     go to state 16
    GetConstant  go to state 17


State 39

   21 Call: Expression . DOT IDENTIFIER OPEN_PAREN Arguments CLOSE_PAREN
   25 Arguments: Arguments COMMA Expression .

    DOT  shift, and go to state 25

    $default  reduce using rule 25 (Arguments)


State 40

   22 Function: FUNC IDENTIFIER OPEN_PAREN Parameters CLOSE_PAREN . Terminator BodyExpressions END

    NEWLINE  shift, and go to state 23

    Terminator  go to state 44


State 41

   28 Parameters: Parameters COMMA . IDENTIFIER

    IDENTIFIER  shift, and go to state 45


State 42

   23 Lambda: LAMBDA DO PIPE Parameters PIPE . Terminator BodyExpressions END

    NEWLINE  shift, and go to state 23

    Terminator  go to state 46


State 43

   21 Call: Expression DOT IDENTIFIER OPEN_PAREN Arguments . CLOSE_PAREN
   25 Arguments: Arguments . COMMA Expression

    CLOSE_PAREN  shift, and go to state 47
    COMMA        shift, and go to state 34


State 44

   22 Function: FUNC IDENTIFIER OPEN_PAREN Parameters CLOSE_PAREN Terminator . BodyExpressions END

    INTEGER     shift, and go to state 1
    FLOAT       shift, and go to state 2
    STRING      shift, and go to state 3
    SELF        shift, and go to state 4
    CONSTANT    shift, and go to state 5
    IDENTIFIER  shift, and go to state 6
    FUNC        shift, and go to state 7
    LAMBDA      shift, and go to state 8

    $default  reduce using rule 7 (BodyExpressions)

    BodyExpressions  go to state 48
    Expression       go to state 49
    Literal          go to state 11
    Call             go to state 12
    Function         go to state 13
    Lambda           go to state 14
    SetLocal         go to state 15
    GetLocal         go to state 16
    GetConstant      go to state 17


State 45

   28 Parameters: Parameters COMMA IDENTIFIER .

    $default  reduce using rule 28 (Parameters)


State 46

   23 Lambda: LAMBDA DO PIPE Parameters PIPE Terminator . BodyExpressions END

    INTEGER     shift, and go to state 1
    FLOAT       shift, and go to state 2
    STRING      shift, and go to state 3
    SELF        shift, and go to state 4
    CONSTANT    shift, and go to state 5
    IDENTIFIER  shift, and go to state 6
    FUNC        shift, and go to state 7
    LAMBDA      shift, and go to state 8

    $default  reduce using rule 7 (BodyExpressions)

    BodyExpressions  go to state 50
    Expression       go to state 49
    Literal          go to state 11
    Call             go to state 12
    Function         go to state 13
    Lambda           go to state 14
    SetLocal         go to state 15
    GetLocal         go to state 16
    GetConstant      go to state 17


State 47

   21 Call: Expression DOT IDENTIFIER OPEN_PAREN Arguments CLOSE_PAREN .

    $default  reduce using rule 21 (Call)


State 48

    6 BodyExpressions: BodyExpressions . Terminator Expression
    8                | BodyExpressions . Terminator
   22 Function: FUNC IDENTIFIER OPEN_PAREN Parameters CLOSE_PAREN Terminator BodyExpressions . END

    END      shift, and go to state 51
    NEWLINE  shift, and go to state 23

    Terminator  go to state 52


State 49

    5 BodyExpressions: Expression .
   21 Call: Expression . DOT IDENTIFIER OPEN_PAREN Arguments CLOSE_PAREN

    DOT  shift, and go to state 25

    $default  reduce using rule 5 (BodyExpressions)


State 50

    6 BodyExpressions: BodyExpressions . Terminator Expression
    8                | BodyExpressions . Terminator
   23 Lambda: LAMBDA DO PIPE Parameters PIPE Terminator BodyExpressions . END

    END      shift, and go to state 53
    NEWLINE  shift, and go to state 23

    Terminator  go to state 52


State 51

   22 Function: FUNC IDENTIFIER OPEN_PAREN Parameters CLOSE_PAREN Terminator BodyExpressions END .

    $default  reduce using rule 22 (Function)


State 52

    6 BodyExpressions: BodyExpressions Terminator . Expression
    8                | BodyExpressions Terminator .

    INTEGER     shift, and go to state 1
    FLOAT       shift, and go to state 2
    STRING      shift, and go to state 3
    SELF        shift, and go to state 4
    CONSTANT    shift, and go to state 5
    IDENTIFIER  shift, and go to state 6
    FUNC        shift, and go to state 7
    LAMBDA      shift, and go to state 8

    $default  reduce using rule 8 (BodyExpressions)

    Expression   go to state 54
    Literal      go to state 11
    Call         go to state 12
    Function     go to state 13
    Lambda       go to state 14
    SetLocal     go to state 15
    GetLocal     go to state 16
    GetConstant  go to state 17


State 53

   23 Lambda: LAMBDA DO PIPE Parameters PIPE Terminator BodyExpressions END .

    $default  reduce using rule 23 (Lambda)


State 54

    6 BodyExpressions: BodyExpressions Terminator Expression .
   21 Call: Expression . DOT IDENTIFIER OPEN_PAREN Arguments CLOSE_PAREN

    DOT  shift, and go to state 25

    $default  reduce using rule 6 (BodyExpressions)
